<?xml version="1.0" encoding="UTF-8"?>
<!-- Generated by org.testng.reporters.JUnitReportReporter -->
<testsuite hostname="SLSUMITB.local" failures="0" tests="1" name="com.splashlearn.test.android.AND_Login_Test_CaseGradeKMath" time="759.566" errors="0" timestamp="2020-09-29T14:51:37 IST" skipped="0">
  <testcase classname="com.splashlearn.test.android.AND_Login_Test_CaseGradeKMath" name="AndroidLoginTestCaseGradeKMath" time="759.566"/>
  <system-out/>
</testsuite> <!-- com.splashlearn.test.android.AND_Login_Test_CaseGradeKMath -->
