<?xml version="1.0" encoding="UTF-8"?>
<!-- Generated by org.testng.reporters.JUnitReportReporter -->
<testsuite hostname="SLSUMITB.local" failures="0" tests="1" name="com.splashlearn.test.android.AND_Login_Test_Case" time="18.212" errors="0" timestamp="2020-07-30T00:37:57 IST" skipped="0">
  <testcase classname="com.splashlearn.test.android.AND_Login_Test_Case" name="Privacy_Policy_Button_Is_Displayed" time="18.212"/>
  <system-out/>
</testsuite> <!-- com.splashlearn.test.android.AND_Login_Test_Case -->
