<?xml version="1.0" encoding="UTF-8"?>
<!-- Generated by org.testng.reporters.JUnitReportReporter -->
<testsuite hostname="SLSUMITB.local" failures="0" tests="1" name="com.splashlearn.test.android.And_Login_Test_CaseGradeKEnglish" time="228.481" errors="0" timestamp="2020-09-17T13:10:11 IST" skipped="0">
  <testcase classname="com.splashlearn.test.android.And_Login_Test_CaseGradeKEnglish" name="AndroidLoginTestCaseGradeKEnglish" time="228.481"/>
  <system-out/>
</testsuite> <!-- com.splashlearn.test.android.And_Login_Test_CaseGradeKEnglish -->
