<?xml version="1.0" encoding="UTF-8"?>
<!-- Generated by org.testng.reporters.JUnitReportReporter -->
<testsuite hostname="SLSUMITB.local" failures="0" tests="1" name="com.splashlearn.test.android.AND_Login_Test_CaseGradeK" time="541.796" errors="0" timestamp="2020-08-23T23:47:01 IST" skipped="0">
  <testcase classname="com.splashlearn.test.android.AND_Login_Test_CaseGradeK" name="AndroidLoginTestCaseGradeK" time="541.796"/>
  <system-out/>
</testsuite> <!-- com.splashlearn.test.android.AND_Login_Test_CaseGradeK -->
