<?xml version="1.0" encoding="UTF-8"?>
<!-- Generated by org.testng.reporters.JUnitReportReporter -->
<testsuite hostname="SLSUMITB.local" failures="0" tests="1" name="com.splashlearn.test.android.AND_Login_Test_CaseGradePreK" time="644.514" errors="0" timestamp="2020-08-23T23:35:27 IST" skipped="0">
  <testcase classname="com.splashlearn.test.android.AND_Login_Test_CaseGradePreK" name="AndroidLoginTestCaseGradePreK" time="644.514"/>
  <system-out/>
</testsuite> <!-- com.splashlearn.test.android.AND_Login_Test_CaseGradePreK -->
