<?xml version="1.0" encoding="UTF-8"?>
<!-- Generated by org.testng.reporters.JUnitReportReporter -->
<testsuite hostname="SLSUMITB.local" failures="0" tests="1" name="com.splashlearn.test.android.And_ELA_Onboarding_PurchaseFlowTestCase" time="246.954" errors="0" timestamp="2020-09-29T14:51:37 IST" skipped="0">
  <testcase classname="com.splashlearn.test.android.And_ELA_Onboarding_PurchaseFlowTestCase" name="OnboardingPurchaseELATestCase" time="246.954"/>
  <system-out/>
</testsuite> <!-- com.splashlearn.test.android.And_ELA_Onboarding_PurchaseFlowTestCase -->
